This file contains any messages produced by compilers while
running configure, to aid debugging if configure makes a mistake.

It was created by cppunit configure 1.14.0, which was
generated by GNU Autoconf 2.69.  Invocation command line was

  $ ./configure 

## --------- ##
## Platform. ##
## --------- ##

hostname = mbaranov.local
uname -m = x86_64
uname -r = 17.4.0
uname -s = Darwin
uname -v = Darwin Kernel Version 17.4.0: Sun Dec 17 09:19:54 PST 2017; root:xnu-4570.41.2~1/RELEASE_X86_64

/usr/bin/uname -p = i386
/bin/uname -X     = unknown

/bin/arch              = unknown
/usr/bin/arch -k       = unknown
/usr/convex/getsysinfo = unknown
/usr/bin/hostinfo      = Mach kernel version:
	 Darwin Kernel Version 17.4.0: Sun Dec 17 09:19:54 PST 2017; root:xnu-4570.41.2~1/RELEASE_X86_64
Kernel configured for up to 4 processors.
2 processors are physically available.
4 processors are logically available.
Processor type: x86_64h (Intel x86-64h Haswell)
Processors active: 0 1 2 3
Primary memory available: 8.00 gigabytes
Default processor set: 355 tasks, 1402 threads, 4 processors
Load average: 1.60, Mach factor: 2.39
/bin/machine           = unknown
/usr/bin/oslevel       = unknown
/bin/universe          = unknown

PATH: /Users/m.baranov/perl5/bin
PATH: /Users/m.baranov/Android/android-sdk-macosx
PATH: /Users/m.baranov/Android/android-sdk-macosx/tools
PATH: /Users/m.baranov/Android/android-sdk-macosx/platform-tools
PATH: /Users/m.baranov/Android/android-sdk-macosx/build-tools/23.0.2
PATH: /Users/m.baranov/wartune/Utils/coxporter/fbx-conv/mac
PATH: /usr/local/bin
PATH: /usr/bin
PATH: /bin
PATH: /usr/sbin
PATH: /sbin
PATH: /Applications/Wireshark.app/Contents/MacOS


## ----------- ##
## Core tests. ##
## ----------- ##

configure:2558: checking for a BSD-compatible install
configure:2626: result: /usr/bin/install -c
configure:2637: checking whether build environment is sane
configure:2692: result: yes
configure:2843: checking for a thread-safe mkdir -p
configure:2882: result: ./install-sh -c -d
configure:2889: checking for gawk
configure:2919: result: no
configure:2889: checking for mawk
configure:2919: result: no
configure:2889: checking for nawk
configure:2919: result: no
configure:2889: checking for awk
configure:2905: found /usr/bin/awk
configure:2916: result: awk
configure:2927: checking whether make sets $(MAKE)
configure:2949: result: yes
configure:2978: checking whether make supports nested variables
configure:2995: result: yes
configure:3132: checking whether make supports nested variables
configure:3149: result: yes
configure:3182: checking for style of include used by make
configure:3210: result: GNU
configure:3281: checking for gcc
configure:3297: found /usr/bin/gcc
configure:3308: result: gcc
configure:3537: checking for C compiler version
configure:3546: gcc --version >&5
Apple LLVM version 9.0.0 (clang-900.0.39.2)
Target: x86_64-apple-darwin17.4.0
Thread model: posix
InstalledDir: /Applications/Xcode.app/Contents/Developer/Toolchains/XcodeDefault.xctoolchain/usr/bin
Configured with: --prefix=/Applications/Xcode.app/Contents/Developer/usr --with-gxx-include-dir=/usr/include/c++/4.2.1
configure:3557: $? = 0
configure:3546: gcc -v >&5
Configured with: --prefix=/Applications/Xcode.app/Contents/Developer/usr --with-gxx-include-dir=/usr/include/c++/4.2.1
Apple LLVM version 9.0.0 (clang-900.0.39.2)
Target: x86_64-apple-darwin17.4.0
Thread model: posix
InstalledDir: /Applications/Xcode.app/Contents/Developer/Toolchains/XcodeDefault.xctoolchain/usr/bin
configure:3557: $? = 0
configure:3546: gcc -V >&5
clang: error: argument to '-V' is missing (expected 1 value)
clang: error: no input files
configure:3557: $? = 1
configure:3546: gcc -qversion >&5
clang: error: unknown argument: '-qversion'
clang: error: no input files
configure:3557: $? = 1
configure:3577: checking whether the C compiler works
configure:3599: gcc    conftest.c  >&5
configure:3603: $? = 0
configure:3651: result: yes
configure:3654: checking for C compiler default output file name
configure:3656: result: a.out
configure:3662: checking for suffix of executables
configure:3669: gcc -o conftest    conftest.c  >&5
configure:3673: $? = 0
configure:3695: result: 
configure:3717: checking whether we are cross compiling
configure:3725: gcc -o conftest    conftest.c  >&5
configure:3729: $? = 0
configure:3736: ./conftest
configure:3740: $? = 0
configure:3755: result: no
configure:3760: checking for suffix of object files
configure:3782: gcc -c   conftest.c >&5
configure:3786: $? = 0
configure:3807: result: o
configure:3811: checking whether we are using the GNU C compiler
configure:3830: gcc -c   conftest.c >&5
configure:3830: $? = 0
configure:3839: result: yes
configure:3848: checking whether gcc accepts -g
configure:3868: gcc -c -g  conftest.c >&5
configure:3868: $? = 0
configure:3909: result: yes
configure:3926: checking for gcc option to accept ISO C89
configure:3989: gcc  -c -g -O2  conftest.c >&5
configure:3989: $? = 0
configure:4002: result: none needed
configure:4027: checking whether gcc understands -c and -o together
configure:4049: gcc -c conftest.c -o conftest2.o
configure:4052: $? = 0
configure:4049: gcc -c conftest.c -o conftest2.o
configure:4052: $? = 0
configure:4064: result: yes
configure:4083: checking dependency style of gcc
configure:4194: result: gcc3
configure:4214: checking how to run the C preprocessor
configure:4245: gcc -E  conftest.c
configure:4245: $? = 0
configure:4259: gcc -E  conftest.c
conftest.c:11:10: fatal error: 'ac_nonexistent.h' file not found
#include <ac_nonexistent.h>
         ^~~~~~~~~~~~~~~~~~
1 error generated.
configure:4259: $? = 1
configure: failed program was:
| /* confdefs.h */
| #define PACKAGE_NAME "cppunit"
| #define PACKAGE_TARNAME "cppunit"
| #define PACKAGE_VERSION "1.14.0"
| #define PACKAGE_STRING "cppunit 1.14.0"
| #define PACKAGE_BUGREPORT ""
| #define PACKAGE_URL ""
| #define PACKAGE "cppunit"
| #define VERSION "1.14.0"
| /* end confdefs.h.  */
| #include <ac_nonexistent.h>
configure:4284: result: gcc -E
configure:4304: gcc -E  conftest.c
configure:4304: $? = 0
configure:4318: gcc -E  conftest.c
conftest.c:11:10: fatal error: 'ac_nonexistent.h' file not found
#include <ac_nonexistent.h>
         ^~~~~~~~~~~~~~~~~~
1 error generated.
configure:4318: $? = 1
configure: failed program was:
| /* confdefs.h */
| #define PACKAGE_NAME "cppunit"
| #define PACKAGE_TARNAME "cppunit"
| #define PACKAGE_VERSION "1.14.0"
| #define PACKAGE_STRING "cppunit 1.14.0"
| #define PACKAGE_BUGREPORT ""
| #define PACKAGE_URL ""
| #define PACKAGE "cppunit"
| #define VERSION "1.14.0"
| /* end confdefs.h.  */
| #include <ac_nonexistent.h>
configure:4404: checking for g++
configure:4420: found /usr/bin/g++
configure:4431: result: g++
configure:4458: checking for C++ compiler version
configure:4467: g++ --version >&5
Apple LLVM version 9.0.0 (clang-900.0.39.2)
Target: x86_64-apple-darwin17.4.0
Thread model: posix
InstalledDir: /Applications/Xcode.app/Contents/Developer/Toolchains/XcodeDefault.xctoolchain/usr/bin
Configured with: --prefix=/Applications/Xcode.app/Contents/Developer/usr --with-gxx-include-dir=/usr/include/c++/4.2.1
configure:4478: $? = 0
configure:4467: g++ -v >&5
Configured with: --prefix=/Applications/Xcode.app/Contents/Developer/usr --with-gxx-include-dir=/usr/include/c++/4.2.1
Apple LLVM version 9.0.0 (clang-900.0.39.2)
Target: x86_64-apple-darwin17.4.0
Thread model: posix
InstalledDir: /Applications/Xcode.app/Contents/Developer/Toolchains/XcodeDefault.xctoolchain/usr/bin
configure:4478: $? = 0
configure:4467: g++ -V >&5
clang: error: argument to '-V' is missing (expected 1 value)
clang: error: no input files
configure:4478: $? = 1
configure:4467: g++ -qversion >&5
clang: error: unknown argument: '-qversion'
clang: error: no input files
configure:4478: $? = 1
configure:4482: checking whether we are using the GNU C++ compiler
configure:4501: g++ -c   conftest.cpp >&5
configure:4501: $? = 0
configure:4510: result: yes
configure:4519: checking whether g++ accepts -g
configure:4539: g++ -c -g  conftest.cpp >&5
configure:4539: $? = 0
configure:4580: result: yes
configure:4605: checking dependency style of g++
configure:4716: result: gcc3
configure:4732: checking whether ln -s works
configure:4736: result: yes
configure:4743: checking whether make sets $(MAKE)
configure:4765: result: yes
configure:4803: checking build system type
configure:4817: result: x86_64-apple-darwin17.4.0
configure:4837: checking host system type
configure:4850: result: x86_64-apple-darwin17.4.0
configure:4891: checking how to print strings
configure:4918: result: printf
configure:4939: checking for a sed that does not truncate output
configure:5003: result: /usr/bin/sed
configure:5021: checking for grep that handles long lines and -e
configure:5079: result: /usr/bin/grep
configure:5084: checking for egrep
configure:5146: result: /usr/bin/grep -E
configure:5151: checking for fgrep
configure:5213: result: /usr/bin/grep -F
configure:5248: checking for ld used by gcc
configure:5315: result: /Applications/Xcode.app/Contents/Developer/Toolchains/XcodeDefault.xctoolchain/usr/bin/ld
configure:5322: checking if the linker (/Applications/Xcode.app/Contents/Developer/Toolchains/XcodeDefault.xctoolchain/usr/bin/ld) is GNU ld
configure:5337: result: no
configure:5349: checking for BSD- or MS-compatible name lister (nm)
configure:5403: result: /usr/bin/nm -B
configure:5533: checking the name lister (/usr/bin/nm -B) interface
configure:5540: g++ -c -g -O2  conftest.cpp >&5
configure:5543: /usr/bin/nm -B "conftest.o"
configure:5546: output
00000000000001e8 S _some_variable
configure:5553: result: BSD nm
configure:5557: checking the maximum length of command line arguments
configure:5688: result: 196608
configure:5736: checking how to convert x86_64-apple-darwin17.4.0 file names to x86_64-apple-darwin17.4.0 format
configure:5776: result: func_convert_file_noop
configure:5783: checking how to convert x86_64-apple-darwin17.4.0 file names to toolchain format
configure:5803: result: func_convert_file_noop
configure:5810: checking for /Applications/Xcode.app/Contents/Developer/Toolchains/XcodeDefault.xctoolchain/usr/bin/ld option to reload object files
configure:5817: result: -r
configure:5891: checking for objdump
configure:5907: found /usr/bin/objdump
configure:5918: result: objdump
configure:5950: checking how to recognize dependent libraries
configure:6150: result: pass_all
configure:6235: checking for dlltool
configure:6265: result: no
configure:6295: checking how to associate runtime and link libraries
configure:6322: result: printf %s\n
configure:6383: checking for ar
configure:6399: found /usr/bin/ar
configure:6410: result: ar
configure:6447: checking for archiver @FILE support
configure:6464: g++ -c -g -O2  conftest.cpp >&5
configure:6464: $? = 0
configure:6467: ar cru libconftest.a @conftest.lst >&5
ar: @conftest.lst: No such file or directory
configure:6470: $? = 1
configure:6490: result: no
configure:6548: checking for strip
configure:6564: found /usr/bin/strip
configure:6575: result: strip
configure:6647: checking for ranlib
configure:6663: found /usr/bin/ranlib
configure:6674: result: ranlib
configure:6776: checking command to parse /usr/bin/nm -B output from gcc object
configure:6929: g++ -c -g -O2  conftest.cpp >&5
configure:6932: $? = 0
configure:6936: /usr/bin/nm -B conftest.o \| sed -n -e 's/^.*[ ]\([BCDEGRST][BCDEGRST]*\)[ ][ ]*\([_A-Za-z][_A-Za-z0-9]*\)$/\1 \2 \2/p' | sed '/ __gnu_lto/d' \> conftest.nm
configure:6939: $? = 0
cannot find nm_test_var in conftest.nm
configure:6929: g++ -c -g -O2  conftest.cpp >&5
configure:6932: $? = 0
configure:6936: /usr/bin/nm -B conftest.o \| sed -n -e 's/^.*[ ]\([BCDEGRST][BCDEGRST]*\)[ ][ ]*_\([_A-Za-z][_A-Za-z0-9]*\)$/\1 _\2 \2/p' | sed '/ __gnu_lto/d' \> conftest.nm
configure:6939: $? = 0
configure:7005: g++ -o conftest -g -O2   conftest.cpp conftstm.o >&5
configure:7008: $? = 0
configure:7046: result: ok
configure:7093: checking for sysroot
configure:7123: result: no
configure:7130: checking for a working dd
configure:7168: result: /bin/dd
configure:7172: checking how to truncate binary pipes
configure:7187: result: /bin/dd bs=4096 count=1
configure:7517: checking for mt
configure:7547: result: no
configure:7567: checking if : is a manifest tool
configure:7573: : '-?'
configure:7581: result: no
configure:7637: checking for dsymutil
configure:7653: found /usr/bin/dsymutil
configure:7664: result: dsymutil
configure:7729: checking for nmedit
configure:7745: found /usr/bin/nmedit
configure:7756: result: nmedit
configure:7821: checking for lipo
configure:7837: found /usr/bin/lipo
configure:7848: result: lipo
configure:7913: checking for otool
configure:7929: found /usr/bin/otool
configure:7940: result: otool
configure:8005: checking for otool64
configure:8035: result: no
configure:8080: checking for -single_module linker flag
gcc -g -O2  -o libconftest.dylib -dynamiclib -Wl,-single_module conftest.c
configure:8113: result: yes
configure:8116: checking for -exported_symbols_list linker flag
configure:8136: g++ -o conftest -g -O2   -Wl,-exported_symbols_list,conftest.sym conftest.cpp  >&5
configure:8136: $? = 0
configure:8146: result: yes
configure:8149: checking for -force_load linker flag
gcc -g -O2 -c -o conftest.o conftest.c
ar cru libconftest.a conftest.o
ranlib libconftest.a
gcc -g -O2  -o conftest conftest.c -Wl,-force_load,./libconftest.a
configure:8181: result: yes
configure:8254: checking for ANSI C header files
configure:8274: g++ -c -g -O2  conftest.cpp >&5
configure:8274: $? = 0
./configure: line 8288: conftest.cpp: command not found
configure:8358: result: no
configure:8371: checking for sys/types.h
configure:8371: g++ -c -g -O2  conftest.cpp >&5
configure:8371: $? = 0
configure:8371: result: yes
configure:8371: checking for sys/stat.h
configure:8371: g++ -c -g -O2  conftest.cpp >&5
configure:8371: $? = 0
configure:8371: result: yes
configure:8371: checking for stdlib.h
configure:8371: g++ -c -g -O2  conftest.cpp >&5
configure:8371: $? = 0
configure:8371: result: yes
configure:8371: checking for string.h
configure:8371: g++ -c -g -O2  conftest.cpp >&5
configure:8371: $? = 0
configure:8371: result: yes
configure:8371: checking for memory.h
configure:8371: g++ -c -g -O2  conftest.cpp >&5
configure:8371: $? = 0
configure:8371: result: yes
configure:8371: checking for strings.h
configure:8371: g++ -c -g -O2  conftest.cpp >&5
configure:8371: $? = 0
configure:8371: result: yes
configure:8371: checking for inttypes.h
configure:8371: g++ -c -g -O2  conftest.cpp >&5
configure:8371: $? = 0
configure:8371: result: yes
configure:8371: checking for stdint.h
configure:8371: g++ -c -g -O2  conftest.cpp >&5
configure:8371: $? = 0
configure:8371: result: yes
configure:8371: checking for unistd.h
configure:8371: g++ -c -g -O2  conftest.cpp >&5
configure:8371: $? = 0
configure:8371: result: yes
configure:8385: checking for dlfcn.h
configure:8385: g++ -c -g -O2  conftest.cpp >&5
configure:8385: $? = 0
configure:8385: result: yes
configure:8651: checking for objdir
configure:8666: result: .libs
configure:8930: checking if gcc supports -fno-rtti -fno-exceptions
configure:8948: gcc -c -g -O2  -fno-rtti -fno-exceptions conftest.c >&5
configure:8952: $? = 0
configure:8965: result: yes
configure:9323: checking for gcc option to produce PIC
configure:9330: result: -fno-common -DPIC
configure:9338: checking if gcc PIC flag -fno-common -DPIC works
configure:9356: gcc -c -g -O2  -fno-common -DPIC -DPIC conftest.c >&5
configure:9360: $? = 0
configure:9373: result: yes
configure:9402: checking if gcc static flag -static works
configure:9430: result: no
configure:9445: checking if gcc supports -c -o file.o
configure:9466: gcc -c -g -O2  -o out/conftest2.o conftest.c >&5
configure:9470: $? = 0
configure:9492: result: yes
configure:9500: checking if gcc supports -c -o file.o
configure:9547: result: yes
configure:9580: checking whether the gcc linker (/Applications/Xcode.app/Contents/Developer/Toolchains/XcodeDefault.xctoolchain/usr/bin/ld) supports shared libraries
configure:10839: result: yes
configure:11079: checking dynamic linker characteristics
configure:11900: result: darwin17.4.0 dyld
configure:12022: checking how to hardcode library paths into programs
configure:12047: result: immediate
configure:12595: checking whether stripping libraries is possible
configure:12609: result: yes
configure:12635: checking if libtool supports shared libraries
configure:12637: result: yes
configure:12640: checking whether to build shared libraries
configure:12665: result: yes
configure:12668: checking whether to build static libraries
configure:12672: result: yes
configure:12695: checking how to run the C++ preprocessor
configure:12722: g++ -E  conftest.cpp
configure:12722: $? = 0
configure:12736: g++ -E  conftest.cpp
conftest.cpp:22:10: fatal error: 'ac_nonexistent.h' file not found
#include <ac_nonexistent.h>
         ^~~~~~~~~~~~~~~~~~
1 error generated.
configure:12736: $? = 1
configure: failed program was:
| /* confdefs.h */
| #define PACKAGE_NAME "cppunit"
| #define PACKAGE_TARNAME "cppunit"
| #define PACKAGE_VERSION "1.14.0"
| #define PACKAGE_STRING "cppunit 1.14.0"
| #define PACKAGE_BUGREPORT ""
| #define PACKAGE_URL ""
| #define PACKAGE "cppunit"
| #define VERSION "1.14.0"
| #define HAVE_SYS_TYPES_H 1
| #define HAVE_SYS_STAT_H 1
| #define HAVE_STDLIB_H 1
| #define HAVE_STRING_H 1
| #define HAVE_MEMORY_H 1
| #define HAVE_STRINGS_H 1
| #define HAVE_INTTYPES_H 1
| #define HAVE_STDINT_H 1
| #define HAVE_UNISTD_H 1
| #define HAVE_DLFCN_H 1
| #define LT_OBJDIR ".libs/"
| /* end confdefs.h.  */
| #include <ac_nonexistent.h>
configure:12761: result: g++ -E
configure:12781: g++ -E  conftest.cpp
configure:12781: $? = 0
configure:12795: g++ -E  conftest.cpp
conftest.cpp:22:10: fatal error: 'ac_nonexistent.h' file not found
#include <ac_nonexistent.h>
         ^~~~~~~~~~~~~~~~~~
1 error generated.
configure:12795: $? = 1
configure: failed program was:
| /* confdefs.h */
| #define PACKAGE_NAME "cppunit"
| #define PACKAGE_TARNAME "cppunit"
| #define PACKAGE_VERSION "1.14.0"
| #define PACKAGE_STRING "cppunit 1.14.0"
| #define PACKAGE_BUGREPORT ""
| #define PACKAGE_URL ""
| #define PACKAGE "cppunit"
| #define VERSION "1.14.0"
| #define HAVE_SYS_TYPES_H 1
| #define HAVE_SYS_STAT_H 1
| #define HAVE_STDLIB_H 1
| #define HAVE_STRING_H 1
| #define HAVE_MEMORY_H 1
| #define HAVE_STRINGS_H 1
| #define HAVE_INTTYPES_H 1
| #define HAVE_STDINT_H 1
| #define HAVE_UNISTD_H 1
| #define HAVE_DLFCN_H 1
| #define LT_OBJDIR ".libs/"
| /* end confdefs.h.  */
| #include <ac_nonexistent.h>
configure:12957: checking for ld used by g++
configure:13024: result: /Applications/Xcode.app/Contents/Developer/Toolchains/XcodeDefault.xctoolchain/usr/bin/ld
configure:13031: checking if the linker (/Applications/Xcode.app/Contents/Developer/Toolchains/XcodeDefault.xctoolchain/usr/bin/ld) is GNU ld
configure:13046: result: no
configure:13101: checking whether the g++ linker (/Applications/Xcode.app/Contents/Developer/Toolchains/XcodeDefault.xctoolchain/usr/bin/ld) supports shared libraries
configure:14174: result: yes
configure:14210: g++ -c -g -O2  conftest.cpp >&5
configure:14213: $? = 0
configure:14694: checking for g++ option to produce PIC
configure:14701: result: -fno-common -DPIC
configure:14709: checking if g++ PIC flag -fno-common -DPIC works
configure:14727: g++ -c -g -O2  -fno-common -DPIC -DPIC conftest.cpp >&5
configure:14731: $? = 0
configure:14744: result: yes
configure:14767: checking if g++ static flag -static works
configure:14795: result: no
configure:14807: checking if g++ supports -c -o file.o
configure:14828: g++ -c -g -O2  -o out/conftest2.o conftest.cpp >&5
configure:14832: $? = 0
configure:14854: result: yes
configure:14859: checking if g++ supports -c -o file.o
configure:14906: result: yes
configure:14936: checking whether the g++ linker (/Applications/Xcode.app/Contents/Developer/Toolchains/XcodeDefault.xctoolchain/usr/bin/ld) supports shared libraries
configure:14976: result: yes
configure:15117: checking dynamic linker characteristics
configure:15865: result: darwin17.4.0 dyld
configure:15930: checking how to hardcode library paths into programs
configure:15955: result: immediate
configure:16318: checking for ANSI C header files
configure:16422: result: no
configure:16433: checking for shl_load
configure:16433: g++ -o conftest -g -O2   conftest.cpp  >&5
Undefined symbols for architecture x86_64:
  "_shl_load", referenced from:
      _main in conftest-a05305.o
ld: symbol(s) not found for architecture x86_64
clang: error: linker command failed with exit code 1 (use -v to see invocation)
configure:16433: $? = 1
configure: failed program was:
| /* confdefs.h */
| #define PACKAGE_NAME "cppunit"
| #define PACKAGE_TARNAME "cppunit"
| #define PACKAGE_VERSION "1.14.0"
| #define PACKAGE_STRING "cppunit 1.14.0"
| #define PACKAGE_BUGREPORT ""
| #define PACKAGE_URL ""
| #define PACKAGE "cppunit"
| #define VERSION "1.14.0"
| #define HAVE_SYS_TYPES_H 1
| #define HAVE_SYS_STAT_H 1
| #define HAVE_STDLIB_H 1
| #define HAVE_STRING_H 1
| #define HAVE_MEMORY_H 1
| #define HAVE_STRINGS_H 1
| #define HAVE_INTTYPES_H 1
| #define HAVE_STDINT_H 1
| #define HAVE_UNISTD_H 1
| #define HAVE_DLFCN_H 1
| #define LT_OBJDIR ".libs/"
| /* end confdefs.h.  */
| /* Define shl_load to an innocuous variant, in case <limits.h> declares shl_load.
|    For example, HP-UX 11i <limits.h> declares gettimeofday.  */
| #define shl_load innocuous_shl_load
| 
| /* System header to define __stub macros and hopefully few prototypes,
|     which can conflict with char shl_load (); below.
|     Prefer <limits.h> to <assert.h> if __STDC__ is defined, since
|     <limits.h> exists even on freestanding compilers.  */
| 
| #ifdef __STDC__
| # include <limits.h>
| #else
| # include <assert.h>
| #endif
| 
| #undef shl_load
| 
| /* Override any GCC internal prototype to avoid an error.
|    Use char because int might match the return type of a GCC
|    builtin and then its argument prototype would still apply.  */
| #ifdef __cplusplus
| extern "C"
| #endif
| char shl_load ();
| /* The GNU C library defines this for functions which it implements
|     to always fail with ENOSYS.  Some functions are actually named
|     something starting with __ and the normal name is an alias.  */
| #if defined __stub_shl_load || defined __stub___shl_load
| choke me
| #endif
| 
| int
| main ()
| {
| return shl_load ();
|   ;
|   return 0;
| }
configure:16433: result: no
configure:16439: checking for shl_load in -ldld
configure:16464: g++ -o conftest -g -O2   conftest.cpp -ldld   >&5
ld: library not found for -ldld
clang: error: linker command failed with exit code 1 (use -v to see invocation)
configure:16464: $? = 1
configure: failed program was:
| /* confdefs.h */
| #define PACKAGE_NAME "cppunit"
| #define PACKAGE_TARNAME "cppunit"
| #define PACKAGE_VERSION "1.14.0"
| #define PACKAGE_STRING "cppunit 1.14.0"
| #define PACKAGE_BUGREPORT ""
| #define PACKAGE_URL ""
| #define PACKAGE "cppunit"
| #define VERSION "1.14.0"
| #define HAVE_SYS_TYPES_H 1
| #define HAVE_SYS_STAT_H 1
| #define HAVE_STDLIB_H 1
| #define HAVE_STRING_H 1
| #define HAVE_MEMORY_H 1
| #define HAVE_STRINGS_H 1
| #define HAVE_INTTYPES_H 1
| #define HAVE_STDINT_H 1
| #define HAVE_UNISTD_H 1
| #define HAVE_DLFCN_H 1
| #define LT_OBJDIR ".libs/"
| /* end confdefs.h.  */
| 
| /* Override any GCC internal prototype to avoid an error.
|    Use char because int might match the return type of a GCC
|    builtin and then its argument prototype would still apply.  */
| #ifdef __cplusplus
| extern "C"
| #endif
| char shl_load ();
| int
| main ()
| {
| return shl_load ();
|   ;
|   return 0;
| }
configure:16473: result: no
configure:16481: checking for dlopen in -ldl
configure:16506: g++ -o conftest -g -O2   conftest.cpp -ldl   >&5
configure:16506: $? = 0
configure:16515: result: yes
configure:16650: checking for dlerror
configure:16650: g++ -o conftest -g -O2   conftest.cpp  -ldl >&5
configure:16650: $? = 0
configure:16650: result: yes
configure:16664: checking for cmath
configure:16664: g++ -c -g -O2  conftest.cpp >&5
configure:16664: $? = 0
configure:16664: result: yes
configure:16678: checking for isfinite
configure:16701: g++ -o conftest -g -O2   conftest.cpp  -lm >&5
configure:16701: $? = 0
configure:16715: result: yes
configure:16728: checking for finite
configure:16728: g++ -o conftest -g -O2   conftest.cpp  -lm >&5
configure:16728: $? = 0
configure:16728: result: yes
configure:16737: checking whether the compiler implements namespaces
configure:16760: g++ -c -g -O2  conftest.cpp >&5
configure:16760: $? = 0
configure:16774: result: yes
configure:16782: checking whether the compiler has stringstream
configure:16809: g++ -c -g -O2  conftest.cpp >&5
configure:16809: $? = 0
configure:16823: result: yes
configure:16831: checking whether the compiler implements namespaces
configure:16868: result: yes
configure:16876: checking whether the library defines class strstream
configure:16891: checking strstream usability
configure:16891: g++ -c -g -O2  conftest.cpp >&5
configure:16891: $? = 0
configure:16891: result: yes
configure:16891: checking strstream presence
configure:16891: g++ -E  conftest.cpp
configure:16891: $? = 0
configure:16891: result: yes
configure:16891: checking for strstream
configure:16891: result: yes
configure:16920: g++ -c -g -O2  conftest.cpp >&5
configure:16920: $? = 0
configure:16934: result: yes
configure:16985: checking for doxygen
configure:17018: result: no
configure:17025: WARNING: *** Could not find doxygen in your PATH.
configure:17027: WARNING: *** The documentation will not be built.
configure:17107: checking whether the compiler supports GCC C++ ABI name demangling
configure:17147: g++ -c -g -O2  conftest.cpp >&5
configure:17147: $? = 0
configure:17161: result: yes
configure:17170: checking whether std::string::compare takes a string in argument 1
configure:17203: g++ -c -g -O2  conftest.cpp >&5
conftest.cpp:44:10: error: no matching member function for call to 'compare'
return x.compare(y,0,1) == 0;
       ~~^~~~~~~
/Applications/Xcode.app/Contents/Developer/Toolchains/XcodeDefault.xctoolchain/usr/include/c++/v1/string:1193:9: note: candidate function not viable: no known conversion from 'string' (aka 'basic_string<char, char_traits<char>, allocator<char> >') to 'size_type' (aka 'unsigned long') for 1st argument
    int compare(size_type __pos1, size_type __n1, __self_view __sv) const;
        ^
/Applications/Xcode.app/Contents/Developer/Toolchains/XcodeDefault.xctoolchain/usr/include/c++/v1/string:1195:9: note: candidate function not viable: no known conversion from 'string' (aka 'basic_string<char, char_traits<char>, allocator<char> >') to 'size_type' (aka 'unsigned long') for 1st argument
    int compare(size_type __pos1, size_type __n1, const basic_string& __str) const;
        ^
/Applications/Xcode.app/Contents/Developer/Toolchains/XcodeDefault.xctoolchain/usr/include/c++/v1/string:1206:9: note: candidate function not viable: no known conversion from 'string' (aka 'basic_string<char, char_traits<char>, allocator<char> >') to 'size_type' (aka 'unsigned long') for 1st argument
    int compare(size_type __pos1, size_type __n1, const value_type* __s) const;
        ^
/Applications/Xcode.app/Contents/Developer/Toolchains/XcodeDefault.xctoolchain/usr/include/c++/v1/string:1204:9: note: candidate function template not viable: requires at least 4 arguments, but 3 were provided
        compare(size_type __pos1, size_type __n1, const _Tp& __t, size_type __pos2, size_type __n2=npos) const;
        ^
/Applications/Xcode.app/Contents/Developer/Toolchains/XcodeDefault.xctoolchain/usr/include/c++/v1/string:1207:9: note: candidate function not viable: requires 4 arguments, but 3 were provided
    int compare(size_type __pos1, size_type __n1, const value_type* __s, size_type __n2) const;
        ^
/Applications/Xcode.app/Contents/Developer/Toolchains/XcodeDefault.xctoolchain/usr/include/c++/v1/string:1189:9: note: candidate function not viable: requires single argument '__str', but 3 arguments were provided
    int compare(const basic_string& __str) const _NOEXCEPT;
        ^
/Applications/Xcode.app/Contents/Developer/Toolchains/XcodeDefault.xctoolchain/usr/include/c++/v1/string:1191:9: note: candidate function not viable: requires single argument '__sv', but 3 arguments were provided
    int compare(__self_view __sv) const _NOEXCEPT;
        ^
/Applications/Xcode.app/Contents/Developer/Toolchains/XcodeDefault.xctoolchain/usr/include/c++/v1/string:1205:9: note: candidate function not viable: requires single argument '__s', but 3 arguments were provided
    int compare(const value_type* __s) const _NOEXCEPT;
        ^
/Applications/Xcode.app/Contents/Developer/Toolchains/XcodeDefault.xctoolchain/usr/include/c++/v1/string:1196:9: note: candidate function not viable: requires at least 4 arguments, but 3 were provided
    int compare(size_type __pos1, size_type __n1, const basic_string& __str, size_type __pos2, size_type __n2=npos) const;
        ^
1 error generated.
configure:17203: $? = 1
configure: failed program was:
| /* confdefs.h */
| #define PACKAGE_NAME "cppunit"
| #define PACKAGE_TARNAME "cppunit"
| #define PACKAGE_VERSION "1.14.0"
| #define PACKAGE_STRING "cppunit 1.14.0"
| #define PACKAGE_BUGREPORT ""
| #define PACKAGE_URL ""
| #define PACKAGE "cppunit"
| #define VERSION "1.14.0"
| #define HAVE_SYS_TYPES_H 1
| #define HAVE_SYS_STAT_H 1
| #define HAVE_STDLIB_H 1
| #define HAVE_STRING_H 1
| #define HAVE_MEMORY_H 1
| #define HAVE_STRINGS_H 1
| #define HAVE_INTTYPES_H 1
| #define HAVE_STDINT_H 1
| #define HAVE_UNISTD_H 1
| #define HAVE_DLFCN_H 1
| #define LT_OBJDIR ".libs/"
| #define HAVE_LIBDL 1
| #define HAVE_DLERROR 1
| #define HAVE_CMATH 1
| #define HAVE_ISFINITE 1
| #define HAVE_FINITE 1
| #define HAVE_NAMESPACES 1
| #define HAVE_SSTREAM 1
| #define HAVE_NAMESPACES 1
| #define HAVE_STRSTREAM 1
| #define HAVE_CLASS_STRSTREAM 1
| #define HAVE_GCC_ABI_DEMANGLE 1
| /* end confdefs.h.  */
| 
| #include <string>
| #ifdef HAVE_NAMESPACES
| using namespace std;
| #endif
| 
| int
| main ()
| {
| 
| string x("hi"); string y("h");
| return x.compare(y,0,1) == 0;
| 
|   ;
|   return 0;
| }
configure:17217: result: no
configure:17234: checking whether g++ supports C++11 features by default
configure:17291: g++ -c -g -O2  conftest.cpp >&5
conftest.cpp:37:21: error: expected parameter declarator
      static_assert(sizeof(int) <= sizeof(T), "not big enough");
                    ^
conftest.cpp:37:21: error: expected ')'
conftest.cpp:37:20: note: to match this '('
      static_assert(sizeof(int) <= sizeof(T), "not big enough");
                   ^
conftest.cpp:37:7: error: C++ requires a type specifier for all declarations
      static_assert(sizeof(int) <= sizeof(T), "not big enough");
      ^
conftest.cpp:44:22: warning: 'override' keyword is a C++11 extension [-Wc++11-extensions]
    virtual void f() override {}
                     ^
conftest.cpp:47:29: error: a space is required between consecutive right angle brackets (use '> >')
    typedef check<check<bool>> right_angle_brackets;
                            ^~
                            > >
conftest.cpp:50:5: error: unknown type name 'decltype'
    decltype(a) b;
    ^
conftest.cpp:50:16: error: expected ';' after top level declarator
    decltype(a) b;
               ^
               ;
conftest.cpp:54:15: warning: rvalue references are a C++11 extension [-Wc++11-extensions]
    check_type&& cr = static_cast<check_type&&>(c);
              ^
conftest.cpp:54:45: warning: rvalue references are a C++11 extension [-Wc++11-extensions]
    check_type&& cr = static_cast<check_type&&>(c);
                                            ^
conftest.cpp:56:5: warning: 'auto' type specifier is a C++11 extension [-Wc++11-extensions]
    auto d = a;
    ^
conftest.cpp:57:5: warning: 'auto' type specifier is a C++11 extension [-Wc++11-extensions]
    auto l = [](){};
    ^
conftest.cpp:57:14: error: expected expression
    auto l = [](){};
             ^
conftest.cpp:67:24: warning: alias declarations are a C++11 extension [-Wc++11-extensions]
        using member = typename T::member_type;
                       ^
6 warnings and 7 errors generated.
configure:17291: $? = 1
configure: failed program was:
| /* confdefs.h */
| #define PACKAGE_NAME "cppunit"
| #define PACKAGE_TARNAME "cppunit"
| #define PACKAGE_VERSION "1.14.0"
| #define PACKAGE_STRING "cppunit 1.14.0"
| #define PACKAGE_BUGREPORT ""
| #define PACKAGE_URL ""
| #define PACKAGE "cppunit"
| #define VERSION "1.14.0"
| #define HAVE_SYS_TYPES_H 1
| #define HAVE_SYS_STAT_H 1
| #define HAVE_STDLIB_H 1
| #define HAVE_STRING_H 1
| #define HAVE_MEMORY_H 1
| #define HAVE_STRINGS_H 1
| #define HAVE_INTTYPES_H 1
| #define HAVE_STDINT_H 1
| #define HAVE_UNISTD_H 1
| #define HAVE_DLFCN_H 1
| #define LT_OBJDIR ".libs/"
| #define HAVE_LIBDL 1
| #define HAVE_DLERROR 1
| #define HAVE_CMATH 1
| #define HAVE_ISFINITE 1
| #define HAVE_FINITE 1
| #define HAVE_NAMESPACES 1
| #define HAVE_SSTREAM 1
| #define HAVE_NAMESPACES 1
| #define HAVE_STRSTREAM 1
| #define HAVE_CLASS_STRSTREAM 1
| #define HAVE_GCC_ABI_DEMANGLE 1
| /* end confdefs.h.  */
| 
|   template <typename T>
|     struct check
|     {
|       static_assert(sizeof(int) <= sizeof(T), "not big enough");
|     };
| 
|     struct Base {
|     virtual void f() {}
|     };
|     struct Child : public Base {
|     virtual void f() override {}
|     };
| 
|     typedef check<check<bool>> right_angle_brackets;
| 
|     int a;
|     decltype(a) b;
| 
|     typedef check<int> check_type;
|     check_type c;
|     check_type&& cr = static_cast<check_type&&>(c);
| 
|     auto d = a;
|     auto l = [](){};
|     // Prevent Clang error: unused variable 'l' [-Werror,-Wunused-variable]
|     struct use_l { use_l() { l(); } };
| 
|     // http://stackoverflow.com/questions/13728184/template-aliases-and-sfinae
|     // Clang 3.1 fails with headers of libstd++ 4.8.3 when using std::function because of this
|     namespace test_template_alias_sfinae {
|         struct foo {};
| 
|         template<typename T>
|         using member = typename T::member_type;
| 
|         template<typename T>
|         void func(...) {}
| 
|         template<typename T>
|         void func(member<T>*) {}
| 
|         void test();
| 
|         void test() {
|             func<foo>(0);
|         }
|     }
| 
configure:17298: result: no
configure:17309: checking whether g++ supports C++11 features with -std=c++11
configure:17368: g++ -c -g -O2 -std=c++11  conftest.cpp >&5
configure:17368: $? = 0
configure:17377: result: yes
configure:17617: checking that generated files are newer than configure
configure:17623: result: done
configure:17654: creating ./config.status

## ---------------------- ##
## Running config.status. ##
## ---------------------- ##

This file was extended by cppunit config.status 1.14.0, which was
generated by GNU Autoconf 2.69.  Invocation command line was

  CONFIG_FILES    = 
  CONFIG_HEADERS  = 
  CONFIG_LINKS    = 
  CONFIG_COMMANDS = 
  $ ./config.status 

on mbaranov.local

config.status:1201: creating Makefile
config.status:1201: creating cppunit.pc
config.status:1201: creating cppunit.spec
config.status:1201: creating src/Makefile
config.status:1201: creating src/DllPlugInTester/Makefile
config.status:1201: creating src/cppunit/Makefile
config.status:1201: creating include/Makefile
config.status:1201: creating include/cppunit/Makefile
config.status:1201: creating include/cppunit/config/Makefile
config.status:1201: creating include/cppunit/extensions/Makefile
config.status:1201: creating include/cppunit/plugin/Makefile
config.status:1201: creating include/cppunit/portability/Makefile
config.status:1201: creating include/cppunit/tools/Makefile
config.status:1201: creating include/cppunit/ui/Makefile
config.status:1201: creating include/cppunit/ui/text/Makefile
config.status:1201: creating doc/Makefile
config.status:1201: creating doc/Doxyfile
config.status:1201: creating examples/Makefile
config.status:1201: creating examples/simple/Makefile
config.status:1201: creating examples/hierarchy/Makefile
config.status:1201: creating examples/cppunittest/Makefile
config.status:1201: creating examples/ClockerPlugIn/Makefile
config.status:1201: creating examples/DumperPlugIn/Makefile
config.status:1201: creating examples/money/Makefile
config.status:1201: creating config.h
config.status:1382: config.h is unchanged
config.status:1430: executing depfiles commands
config.status:1430: executing libtool commands
config.status:1430: executing include/cppunit/config-auto.h commands
config.status:2274: creating include/cppunit/config-auto.h - prefix CPPUNIT for config.h defines
config.status:2296: include/cppunit/config-auto.h is unchanged
configure:20193:
==============================================================================
Build configuration:
	debug:              no
	docs:               no
	werror:             yes
==============================================================================


## ---------------- ##
## Cache variables. ##
## ---------------- ##

ac_cv_build=x86_64-apple-darwin17.4.0
ac_cv_c_compiler_gnu=yes
ac_cv_cxx_compiler_gnu=yes
ac_cv_cxx_have_class_strstream=yes
ac_cv_cxx_string_compare_string_first=no
ac_cv_env_CCC_set=
ac_cv_env_CCC_value=
ac_cv_env_CC_set=
ac_cv_env_CC_value=
ac_cv_env_CFLAGS_set=
ac_cv_env_CFLAGS_value=
ac_cv_env_CPPFLAGS_set=
ac_cv_env_CPPFLAGS_value=
ac_cv_env_CPP_set=
ac_cv_env_CPP_value=
ac_cv_env_CXXCPP_set=
ac_cv_env_CXXCPP_value=
ac_cv_env_CXXFLAGS_set=
ac_cv_env_CXXFLAGS_value=
ac_cv_env_CXX_set=
ac_cv_env_CXX_value=
ac_cv_env_LDFLAGS_set=
ac_cv_env_LDFLAGS_value=
ac_cv_env_LIBS_set=
ac_cv_env_LIBS_value=
ac_cv_env_LT_SYS_LIBRARY_PATH_set=
ac_cv_env_LT_SYS_LIBRARY_PATH_value=
ac_cv_env_build_alias_set=
ac_cv_env_build_alias_value=
ac_cv_env_host_alias_set=
ac_cv_env_host_alias_value=
ac_cv_env_target_alias_set=
ac_cv_env_target_alias_value=
ac_cv_func_dlerror=yes
ac_cv_func_finite=yes
ac_cv_func_shl_load=no
ac_cv_header_cmath=yes
ac_cv_header_dlfcn_h=yes
ac_cv_header_inttypes_h=yes
ac_cv_header_memory_h=yes
ac_cv_header_stdc=no
ac_cv_header_stdint_h=yes
ac_cv_header_stdlib_h=yes
ac_cv_header_string_h=yes
ac_cv_header_strings_h=yes
ac_cv_header_strstream=yes
ac_cv_header_sys_stat_h=yes
ac_cv_header_sys_types_h=yes
ac_cv_header_unistd_h=yes
ac_cv_host=x86_64-apple-darwin17.4.0
ac_cv_lib_dl_dlopen=yes
ac_cv_lib_dld_shl_load=no
ac_cv_objext=o
ac_cv_path_EGREP='/usr/bin/grep -E'
ac_cv_path_FGREP='/usr/bin/grep -F'
ac_cv_path_GREP=/usr/bin/grep
ac_cv_path_SED=/usr/bin/sed
ac_cv_path_install='/usr/bin/install -c'
ac_cv_path_lt_DD=/bin/dd
ac_cv_prog_AWK=awk
ac_cv_prog_CPP='gcc -E'
ac_cv_prog_CXXCPP='g++ -E'
ac_cv_prog_ac_ct_AR=ar
ac_cv_prog_ac_ct_CC=gcc
ac_cv_prog_ac_ct_CXX=g++
ac_cv_prog_ac_ct_DSYMUTIL=dsymutil
ac_cv_prog_ac_ct_LIPO=lipo
ac_cv_prog_ac_ct_NMEDIT=nmedit
ac_cv_prog_ac_ct_OBJDUMP=objdump
ac_cv_prog_ac_ct_OTOOL=otool
ac_cv_prog_ac_ct_RANLIB=ranlib
ac_cv_prog_ac_ct_STRIP=strip
ac_cv_prog_cc_c89=
ac_cv_prog_cc_g=yes
ac_cv_prog_cxx_g=yes
ac_cv_prog_make_make_set=yes
am_cv_CC_dependencies_compiler_type=gcc3
am_cv_CXX_dependencies_compiler_type=gcc3
am_cv_make_support_nested_variables=yes
am_cv_prog_cc_c_o=yes
ax_cv_cxx_compile_cxx11=no
ax_cv_cxx_compile_cxx11__std_cpp11=yes
ax_cv_cxx_gcc_abi_demangle=yes
ax_cv_cxx_have_isfinite=yes
ax_cv_cxx_have_sstream=yes
ax_cv_cxx_namespaces=yes
lt_cv_apple_cc_single_mod=yes
lt_cv_ar_at_file=no
lt_cv_deplibs_check_method=pass_all
lt_cv_file_magic_cmd='$MAGIC_CMD'
lt_cv_file_magic_test_file=
lt_cv_ld_exported_symbols_list=yes
lt_cv_ld_force_load=yes
lt_cv_ld_reload_flag=-r
lt_cv_nm_interface='BSD nm'
lt_cv_objdir=.libs
lt_cv_path_LD=/Applications/Xcode.app/Contents/Developer/Toolchains/XcodeDefault.xctoolchain/usr/bin/ld
lt_cv_path_LDCXX=/Applications/Xcode.app/Contents/Developer/Toolchains/XcodeDefault.xctoolchain/usr/bin/ld
lt_cv_path_NM='/usr/bin/nm -B'
lt_cv_path_mainfest_tool=no
lt_cv_prog_compiler_c_o=yes
lt_cv_prog_compiler_c_o_CXX=yes
lt_cv_prog_compiler_pic='-fno-common -DPIC'
lt_cv_prog_compiler_pic_CXX='-fno-common -DPIC'
lt_cv_prog_compiler_pic_works=yes
lt_cv_prog_compiler_pic_works_CXX=yes
lt_cv_prog_compiler_rtti_exceptions=yes
lt_cv_prog_compiler_static_works=no
lt_cv_prog_compiler_static_works_CXX=no
lt_cv_prog_gnu_ld=no
lt_cv_prog_gnu_ldcxx=no
lt_cv_sharedlib_from_linklib_cmd='printf %s\n'
lt_cv_sys_global_symbol_pipe='sed -n -e '\''s/^.*[	 ]\([BCDEGRST][BCDEGRST]*\)[	 ][	 ]*_\([_A-Za-z][_A-Za-z0-9]*\)$/\1 _\2 \2/p'\'' | sed '\''/ __gnu_lto/d'\'''
lt_cv_sys_global_symbol_to_c_name_address='sed -n -e '\''s/^: \(.*\) .*$/  {"\1", (void *) 0},/p'\'' -e '\''s/^[BCDEGRST][BCDEGRST]* .* \(.*\)$/  {"\1", (void *) \&\1},/p'\'''
lt_cv_sys_global_symbol_to_c_name_address_lib_prefix='sed -n -e '\''s/^: \(.*\) .*$/  {"\1", (void *) 0},/p'\'' -e '\''s/^[BCDEGRST][BCDEGRST]* .* \(lib.*\)$/  {"\1", (void *) \&\1},/p'\'' -e '\''s/^[BCDEGRST][BCDEGRST]* .* \(.*\)$/  {"lib\1", (void *) \&\1},/p'\'''
lt_cv_sys_global_symbol_to_cdecl='sed -n -e '\''s/^T .* \(.*\)$/extern int \1();/p'\'' -e '\''s/^[BCDEGRST][BCDEGRST]* .* \(.*\)$/extern char \1;/p'\'''
lt_cv_sys_global_symbol_to_import=
lt_cv_sys_max_cmd_len=196608
lt_cv_to_host_file_cmd=func_convert_file_noop
lt_cv_to_tool_file_cmd=func_convert_file_noop
lt_cv_truncate_bin='/bin/dd bs=4096 count=1'

## ----------------- ##
## Output variables. ##
## ----------------- ##

ACLOCAL='${SHELL} /Users/m.baranov/Documents/ProblemSolver/3rdparty/cppunit/missing aclocal-1.15'
AMDEPBACKSLASH='\'
AMDEP_FALSE='#'
AMDEP_TRUE=''
AMTAR='$${TAR-tar}'
AM_BACKSLASH='\'
AM_DEFAULT_V='$(AM_DEFAULT_VERBOSITY)'
AM_DEFAULT_VERBOSITY='0'
AM_V='$(V)'
AR='ar'
AS='as'
AUTOCONF='${SHELL} /Users/m.baranov/Documents/ProblemSolver/3rdparty/cppunit/missing autoconf'
AUTOHEADER='${SHELL} /Users/m.baranov/Documents/ProblemSolver/3rdparty/cppunit/missing autoheader'
AUTOMAKE='${SHELL} /Users/m.baranov/Documents/ProblemSolver/3rdparty/cppunit/missing automake-1.15'
AWK='awk'
CC='gcc'
CCDEPMODE='depmode=gcc3'
CFLAGS='-g -O2 -Werror -Wall -Wextra -pedantic'
CPP='gcc -E'
CPPFLAGS=''
CPPUNIT_BINARY_AGE='0'
CPPUNIT_CXXFLAGS=''
CPPUNIT_INTERFACE_AGE='0'
CPPUNIT_MAJOR_VERSION='1'
CPPUNIT_MICRO_VERSION='0'
CPPUNIT_MINOR_VERSION='14'
CXX='g++'
CXXCPP='g++ -E'
CXXDEPMODE='depmode=gcc3'
CXXFLAGS='-g -O2 -std=c++11 -Werror -Wall -Wextra -pedantic'
CYGPATH_W='echo'
DEFS='-DHAVE_CONFIG_H'
DEPDIR='.deps'
DLLTOOL='false'
DOC_FALSE=''
DOC_TRUE='#'
DOT=''
DOXYGEN=''
DSYMUTIL='dsymutil'
DUMPBIN=''
ECHO_C='\c'
ECHO_N=''
ECHO_T=''
EGREP='/usr/bin/grep -E'
EXEEXT=''
FGREP='/usr/bin/grep -F'
GREP='/usr/bin/grep'
HAVE_CXX11='1'
INSTALL_DATA='${INSTALL} -m 644'
INSTALL_PROGRAM='${INSTALL}'
INSTALL_SCRIPT='${INSTALL}'
INSTALL_STRIP_PROGRAM='$(install_sh) -c -s'
LD='/Applications/Xcode.app/Contents/Developer/Toolchains/XcodeDefault.xctoolchain/usr/bin/ld'
LDFLAGS=''
LIBADD_DL='-ldl'
LIBOBJS=''
LIBS=' -lm'
LIBTOOL='$(SHELL) $(top_builddir)/libtool'
LIPO='lipo'
LN_S='ln -s'
LTLIBOBJS=''
LT_AGE='0'
LT_CURRENT='0'
LT_RELEASE='1.14'
LT_REVISION='0'
LT_SYS_LIBRARY_PATH=''
MAKEINFO='${SHELL} /Users/m.baranov/Documents/ProblemSolver/3rdparty/cppunit/missing makeinfo'
MANIFEST_TOOL=':'
MKDIR_P='./install-sh -c -d'
NM='/usr/bin/nm -B'
NMEDIT='nmedit'
OBJDUMP='objdump'
OBJEXT='o'
OTOOL64=':'
OTOOL='otool'
PACKAGE='cppunit'
PACKAGE_BUGREPORT=''
PACKAGE_NAME='cppunit'
PACKAGE_STRING='cppunit 1.14.0'
PACKAGE_TARNAME='cppunit'
PACKAGE_URL=''
PACKAGE_VERSION='1.14.0'
PATH_SEPARATOR=':'
RANLIB='ranlib'
SED='/usr/bin/sed'
SET_MAKE=''
SHELL='/bin/sh'
STRIP='strip'
VERSION='1.14.0'
ac_ct_AR='ar'
ac_ct_CC='gcc'
ac_ct_CXX='g++'
ac_ct_DUMPBIN=''
am__EXEEXT_FALSE=''
am__EXEEXT_TRUE='#'
am__fastdepCC_FALSE='#'
am__fastdepCC_TRUE=''
am__fastdepCXX_FALSE='#'
am__fastdepCXX_TRUE=''
am__include='include'
am__isrc=''
am__leading_dot='.'
am__nodep='_no'
am__quote=''
am__tar='$${TAR-tar} chof - "$$tardir"'
am__untar='$${TAR-tar} xf -'
bindir='${exec_prefix}/bin'
build='x86_64-apple-darwin17.4.0'
build_alias=''
build_cpu='x86_64'
build_os='darwin17.4.0'
build_vendor='apple'
datadir='${datarootdir}'
datarootdir='${prefix}/share'
docdir='${datarootdir}/doc/${PACKAGE_TARNAME}'
dvidir='${docdir}'
enable_dot='yes'
enable_html_docs='yes'
enable_latex_docs='no'
exec_prefix='${prefix}'
host='x86_64-apple-darwin17.4.0'
host_alias=''
host_cpu='x86_64'
host_os='darwin17.4.0'
host_vendor='apple'
htmldir='${docdir}'
includedir='${prefix}/include'
infodir='${datarootdir}/info'
install_sh='${SHELL} /Users/m.baranov/Documents/ProblemSolver/3rdparty/cppunit/install-sh'
libdir='${exec_prefix}/lib'
libexecdir='${exec_prefix}/libexec'
localedir='${datarootdir}/locale'
localstatedir='${prefix}/var'
mandir='${datarootdir}/man'
mkdir_p='$(MKDIR_P)'
oldincludedir='/usr/include'
pdfdir='${docdir}'
prefix='/usr/local'
program_transform_name='s,x,x,'
psdir='${docdir}'
sbindir='${exec_prefix}/sbin'
sharedstatedir='${prefix}/com'
sysconfdir='${prefix}/etc'
target_alias=''

## ----------- ##
## confdefs.h. ##
## ----------- ##

/* confdefs.h */
#define PACKAGE_NAME "cppunit"
#define PACKAGE_TARNAME "cppunit"
#define PACKAGE_VERSION "1.14.0"
#define PACKAGE_STRING "cppunit 1.14.0"
#define PACKAGE_BUGREPORT ""
#define PACKAGE_URL ""
#define PACKAGE "cppunit"
#define VERSION "1.14.0"
#define HAVE_SYS_TYPES_H 1
#define HAVE_SYS_STAT_H 1
#define HAVE_STDLIB_H 1
#define HAVE_STRING_H 1
#define HAVE_MEMORY_H 1
#define HAVE_STRINGS_H 1
#define HAVE_INTTYPES_H 1
#define HAVE_STDINT_H 1
#define HAVE_UNISTD_H 1
#define HAVE_DLFCN_H 1
#define LT_OBJDIR ".libs/"
#define HAVE_LIBDL 1
#define HAVE_DLERROR 1
#define HAVE_CMATH 1
#define HAVE_ISFINITE 1
#define HAVE_FINITE 1
#define HAVE_NAMESPACES 1
#define HAVE_SSTREAM 1
#define HAVE_NAMESPACES 1
#define HAVE_STRSTREAM 1
#define HAVE_CLASS_STRSTREAM 1
#define HAVE_GCC_ABI_DEMANGLE 1
#define HAVE_CXX11 1
#define NDEBUG /**/

configure: exit 0
